{"type":"server-started","port":59873,"host":"127.0.0.1","url_host":"localhost","url":"http://localhost:59873","screen_dir":"/Users/jiny/dev/CruxPet/.superpowers/brainstorm/79461-1780634297/content","state_dir":"/Users/jiny/dev/CruxPet/.superpowers/brainstorm/79461-1780634297/state"}
{"type":"screen-added","file":"/Users/jiny/dev/CruxPet/.superpowers/brainstorm/79461-1780634297/content/direction.html"}
{"source":"user-event","type":"click","text":"B\n    \n      생산성 연동 펫\n      포모도로 집중, 커밋 푸시, 일정 완료 같은 실제 행동으로 펫이 성장. 일 열심히 하면 펫이 행복해지는 구조.\n      \n        장점개발자에게 딱 맞음독창적인 컨셉\n        단점구현 난이도 높음","choice":"b","id":null,"timestamp":1780634356893}
{"source":"user-event","type":"click","text":"A\n    \n      다마고치 완성판\n      지금 있는 것들을 제대로 완성. 저장 기능, 여러 스탯(행복·체력), 애니메이션, macOS 알림, 펫 이름 짓기.\n      \n        장점빠르게 완성 가능앱 정체성 명확\n        단점차별화 포인트 약함","choice":"a","id":null,"timestamp":1780634358625}
{"source":"user-event","type":"click","text":"B\n    \n      생산성 연동 펫\n      포모도로 집중, 커밋 푸시, 일정 완료 같은 실제 행동으로 펫이 성장. 일 열심히 하면 펫이 행복해지는 구조.\n      \n        장점개발자에게 딱 맞음독창적인 컨셉\n        단점구현 난이도 높음","choice":"b","id":null,"timestamp":1780634359159}
{"source":"user-event","type":"click","text":"B\n    \n      생산성 연동 펫\n      포모도로 집중, 커밋 푸시, 일정 완료 같은 실제 행동으로 펫이 성장. 일 열심히 하면 펫이 행복해지는 구조.\n      \n        장점개발자에게 딱 맞음독창적인 컨셉\n        단점구현 난이도 높음","choice":"b","id":null,"timestamp":1780634361032}
{"source":"user-event","type":"click","text":"B\n    \n      생산성 연동 펫\n      포모도로 집중, 커밋 푸시, 일정 완료 같은 실제 행동으로 펫이 성장. 일 열심히 하면 펫이 행복해지는 구조.\n      \n        장점개발자에게 딱 맞음독창적인 컨셉\n        단점구현 난이도 높음","choice":"b","id":null,"timestamp":1780634361190}
{"source":"user-event","type":"click","text":"B\n    \n      생산성 연동 펫\n      포모도로 집중, 커밋 푸시, 일정 완료 같은 실제 행동으로 펫이 성장. 일 열심히 하면 펫이 행복해지는 구조.\n      \n        장점개발자에게 딱 맞음독창적인 컨셉\n        단점구현 난이도 높음","choice":"b","id":null,"timestamp":1780634361957}
{"source":"user-event","type":"click","text":"B\n    \n      생산성 연동 펫\n      포모도로 집중, 커밋 푸시, 일정 완료 같은 실제 행동으로 펫이 성장. 일 열심히 하면 펫이 행복해지는 구조.\n      \n        장점개발자에게 딱 맞음독창적인 컨셉\n        단점구현 난이도 높음","choice":"b","id":null,"timestamp":1780634362502}
{"source":"user-event","type":"click","text":"B\n    \n      생산성 연동 펫\n      포모도로 집중, 커밋 푸시, 일정 완료 같은 실제 행동으로 펫이 성장. 일 열심히 하면 펫이 행복해지는 구조.\n      \n        장점개발자에게 딱 맞음독창적인 컨셉\n        단점구현 난이도 높음","choice":"b","id":null,"timestamp":1780634363045}
{"source":"user-event","type":"click","text":"B\n    \n      생산성 연동 펫\n      포모도로 집중, 커밋 푸시, 일정 완료 같은 실제 행동으로 펫이 성장. 일 열심히 하면 펫이 행복해지는 구조.\n      \n        장점개발자에게 딱 맞음독창적인 컨셉\n        단점구현 난이도 높음","choice":"b","id":null,"timestamp":1780634363427}
{"type":"screen-added","file":"/Users/jiny/dev/CruxPet/.superpowers/brainstorm/79461-1780634297/content/waiting-1.html"}
{"type":"screen-added","file":"/Users/jiny/dev/CruxPet/.superpowers/brainstorm/79461-1780634297/content/architecture.html"}
{"source":"user-event","type":"click","text":"A\n    \n      파일 기반 (추천)\n      Git hook이 ~/.cruxpet/events.json에 이벤트를 기록. 앱이 파일을 감시하다가 읽음. 포모도로 완료도 같은 파일에 기록.\n      \n        장점단순하고 안정적디버깅 쉬움앱 꺼져 있어도 이벤트 누락 없음\n        단점반응 약간 느림 (~1초)","choice":"a","id":null,"timestamp":1780634706239}
{"type":"screen-added","file":"/Users/jiny/dev/CruxPet/.superpowers/brainstorm/79461-1780634297/content/ui-layout.html"}
{"source":"user-event","type":"click","text":"A\n      \n        스탯 중심형\n        스탯 바가 눈에 잘 보이고 포모도로는 보조 역할","choice":"layout-a","id":null,"timestamp":1780635075177}
{"type":"screen-added","file":"/Users/jiny/dev/CruxPet/.superpowers/brainstorm/79461-1780634297/content/design-overview.html"}
{"type":"screen-added","file":"/Users/jiny/dev/CruxPet/.superpowers/brainstorm/79461-1780634297/content/waiting-2.html"}
{"type":"screen-added","file":"/Users/jiny/dev/CruxPet/.superpowers/brainstorm/79461-1780634297/content/character-style.html"}
{"source":"user-event","type":"click","text":"A\n    \n      젤리 슬라임\n      둥글둥글 귀여운 블롭. 레벨업마다 커지고 색이 바뀜.\n      \n        \n          \n            \n            \n            \n            \n          \n          Lv 1\n        \n        \n          \n            \n            \n            \n            \n            \n          \n          Lv 5\n        \n        \n          \n            \n            \n            \n            \n            \n            \n          \n          Lv 10 ✨","choice":"slime","id":null,"timestamp":1780636921870}
{"type":"screen-added","file":"/Users/jiny/dev/CruxPet/.superpowers/brainstorm/79461-1780634297/content/final-design.html"}
{"type":"screen-added","file":"/Users/jiny/dev/CruxPet/.superpowers/brainstorm/79461-1780634297/content/final-design-v2.html"}
{"type":"server-stopped","reason":"idle timeout"}
